sweetalert2@11:1          Failed to load resource: net::ERR_FILE_NOT_FOUND
console.log(JSON.stringify( response,null,'\t'))
VM343:1 {
	"data": [
		{
			"id": "AH01",
			"name": "加料",
			"isMulti": true,
			"items": [
				{
					"id": "AD011",
					"name": "加蛋",
					"price": 10
				},
				{
					"id": "AD012",
					"name": "加培根",
					"price": 15
				},
				{
					"id": "AD013",
					"name": "加蔥花",
					"price": 5
				},
				{
					"id": "AD014",
					"name": "加起司",
					"price": 10
				},
				{
					"id": "AD015",
					"name": "加蔬菜",
					"price": 10
				},
				{
					"id": "AD016",
					"name": "不要醬料",
					"price": 0
				},
				{
					"id": "AH017",
					"name": "不要胡椒",
					"price": 0
				}
			]
		},
		{
			"id": "AH02",
			"name": "大小",
			"isMulti": false,
			"items": [
				{
					"id": "AD021",
					"name": "M",
					"price": 0
				},
				{
					"id": "AD022",
					"name": "L",
					"price": 10
				}
			]
		},
		{
			"id": "AH03",
			"name": "溫度",
			"isMulti": false,
			"items": [
				{
					"id": "AD031",
					"name": "熱",
					"price": 0
				},
				{
					"id": "AD032",
					"name": "溫",
					"price": 0
				},
				{
					"id": "AD033",
					"name": "去冰",
					"price": 0
				},
				{
					"id": "AD034",
					"name": "冰",
					"price": 0
				}
			]
		},
		{
			"id": "AH04",
			"name": "醬料",
			"isMulti": true,
			"items": [
				{
					"id": "AD041",
					"name": "番茄醬",
					"price": 0
				},
				{
					"id": "AD042",
					"name": "芥末醬",
					"price": 0
				},
				{
					"id": "AD043",
					"name": "辣椒醬",
					"price": 0
				},
				{
					"id": "AD044",
					"name": "凱薩醬",
					"price": 0
				},
				{
					"id": "AD045",
					"name": "胡麻醬",
					"price": 0
				},
				{
					"id": "AD046",
					"name": "糖醋醬",
					"price": 0
				}
			]
		}
	],
	"status": 200,
	"statusText": "",
	"headers": {
		"cache-control": "no-cache",
		"content-length": "389",
		"content-type": "application/json; charset=utf-8",
		"expires": "-1",
		"pragma": "no-cache"
	},
	"config": {
		"transitional": {
			"silentJSONParsing": true,
			"forcedJSONParsing": true,
			"clarifyTimeoutError": false
		},
		"adapter": [
			"xhr",
			"http",
			"fetch"
		],
		"transformRequest": [
			null
		],
		"transformResponse": [
			null
		],
		"timeout": 0,
		"xsrfCookieName": "XSRF-TOKEN",
		"xsrfHeaderName": "X-XSRF-TOKEN",
		"maxContentLength": -1,
		"maxBodyLength": -1,
		"env": {},
		"headers": {
			"Accept": "application/json, text/plain, */*"
		},
		"method": "get",
		"url": "https://json-server-vercel-a.vercel.app/additions"
	},
	"request": {}
}
undefined
